/Users/flurinarquint/Desktop/PM_SWE/Spannungsteiler-Berechnungstool/include/evaluateResistor.h:14: warning: Member E3[] (variable) of class evaluateResistor is not documented.
/Users/flurinarquint/Desktop/PM_SWE/Spannungsteiler-Berechnungstool/include/evaluateResistor.h:15: warning: Member E6[] (variable) of class evaluateResistor is not documented.
/Users/flurinarquint/Desktop/PM_SWE/Spannungsteiler-Berechnungstool/include/evaluateResistor.h:16: warning: Member E12[] (variable) of class evaluateResistor is not documented.
/Users/flurinarquint/Desktop/PM_SWE/Spannungsteiler-Berechnungstool/include/evaluateResistor.h:17: warning: Member E24[] (variable) of class evaluateResistor is not documented.
/Users/flurinarquint/Desktop/PM_SWE/Spannungsteiler-Berechnungstool/include/evaluateResistor.h:16: warning: parameters of member evaluateResistor::E12 are not (all) documented
/Users/flurinarquint/Desktop/PM_SWE/Spannungsteiler-Berechnungstool/include/evaluateResistor.h:17: warning: parameters of member evaluateResistor::E24 are not (all) documented
/Users/flurinarquint/Desktop/PM_SWE/Spannungsteiler-Berechnungstool/include/CheckInput.h:21: warning: argument 'QString' of command @param is not found in the argument list of Test::checkInputfromKeyboard(QString *str1, QString *str2)
/Users/flurinarquint/Desktop/PM_SWE/Spannungsteiler-Berechnungstool/include/CheckInput.h:21: warning: argument 'QString' of command @param is not found in the argument list of Test::checkInputfromKeyboard(QString *str1, QString *str2)
/Users/flurinarquint/Desktop/PM_SWE/Spannungsteiler-Berechnungstool/include/CheckInput.h:26: warning: The following parameters of Test::checkInputfromKeyboard(QString *str1, QString *str2) are not documented:
  parameter 'str1'
  parameter 'str2'
/Users/flurinarquint/Desktop/PM_SWE/Spannungsteiler-Berechnungstool/include/CheckInput.h:28: warning: argument 'QString' of command @param is not found in the argument list of Test::replaceInvalidChar(QString &str1, QString &str2)
/Users/flurinarquint/Desktop/PM_SWE/Spannungsteiler-Berechnungstool/include/CheckInput.h:28: warning: argument 'QString' of command @param is not found in the argument list of Test::replaceInvalidChar(QString &str1, QString &str2)
/Users/flurinarquint/Desktop/PM_SWE/Spannungsteiler-Berechnungstool/include/CheckInput.h:33: warning: The following parameters of Test::replaceInvalidChar(QString &str1, QString &str2) are not documented:
  parameter 'str1'
  parameter 'str2'
error: Problems running dot: exit code=127, command='dot', arguments='"/Users/flurinarquint/Desktop/PM_SWE/Spannungsteiler-Berechnungstool/doc/html/inherit_graph_2.dot" -Tpng -o "/Users/flurinarquint/Desktop/PM_SWE/Spannungsteiler-Berechnungstool/doc/html/inherit_graph_2.png"'
error: Problems running dot: exit code=127, command='dot', arguments='"/Users/flurinarquint/Desktop/PM_SWE/Spannungsteiler-Berechnungstool/doc/html/graph_legend.dot" -Tpng -o "/Users/flurinarquint/Desktop/PM_SWE/Spannungsteiler-Berechnungstool/doc/html/graph_legend.png"'
error: Problems running dot: exit code=127, command='dot', arguments='"/Users/flurinarquint/Desktop/PM_SWE/Spannungsteiler-Berechnungstool/doc/html/classMainWindow__inherit__graph.dot" -Tpng -o "/Users/flurinarquint/Desktop/PM_SWE/Spannungsteiler-Berechnungstool/doc/html/classMainWindow__inherit__graph.png"'
error: Problems running dot: exit code=127, command='dot', arguments='"/Users/flurinarquint/Desktop/PM_SWE/Spannungsteiler-Berechnungstool/doc/html/inherit_graph_1.dot" -Tpng -o "/Users/flurinarquint/Desktop/PM_SWE/Spannungsteiler-Berechnungstool/doc/html/inherit_graph_1.png"'
error: Problems running dot: exit code=127, command='dot', arguments='"/Users/flurinarquint/Desktop/PM_SWE/Spannungsteiler-Berechnungstool/doc/html/inherit_graph_0.dot" -Tpng -o "/Users/flurinarquint/Desktop/PM_SWE/Spannungsteiler-Berechnungstool/doc/html/inherit_graph_0.png"'
error: Problems running dot: exit code=127, command='dot', arguments='"/Users/flurinarquint/Desktop/PM_SWE/Spannungsteiler-Berechnungstool/doc/latex/classMainWindow__inherit__graph.dot" -Tpdf -o "/Users/flurinarquint/Desktop/PM_SWE/Spannungsteiler-Berechnungstool/doc/latex/classMainWindow__inherit__graph.pdf"'
